<?xml version="1.0" encoding="UTF-8"?>
<testng-results skipped="0" failed="0" total="1" passed="1">
  <reporter-output>
  </reporter-output>
  <suite name="Default suite" duration-ms="25425" started-at="2016-01-14T15:40:45Z" finished-at="2016-01-14T15:41:11Z">
    <groups>
    </groups>
    <test name="Default test" duration-ms="25425" started-at="2016-01-14T15:40:45Z" finished-at="2016-01-14T15:41:11Z">
      <class name="mail_test.mailTests">
        <test-method status="PASS" signature="enterInMail()[pri:0, instance:mail_test.mailTests@73eb439a]" name="enterInMail" is-config="true" duration-ms="6974" started-at="2016-01-14T18:40:45Z" finished-at="2016-01-14T18:40:52Z">
          <reporter-output>
          </reporter-output>
        </test-method> <!-- enterInMail -->
        <test-method status="PASS" signature="loginTest()[pri:0, instance:mail_test.mailTests@73eb439a]" name="loginTest" duration-ms="18411" started-at="2016-01-14T18:40:52Z" finished-at="2016-01-14T18:41:11Z">
          <reporter-output>
          </reporter-output>
        </test-method> <!-- loginTest -->
      </class> <!-- mail_test.mailTests -->
    </test> <!-- Default test -->
  </suite> <!-- Default suite -->
</testng-results>
